<?xml version="1.0" encoding="UTF-8"?>
<testsuite xmlns:xsi="http://www.w3.org/2001/XMLSchema-instance" xsi:noNamespaceSchemaLocation="https://maven.apache.org/surefire/maven-surefire-plugin/xsd/surefire-test-report-3.0.xsd" version="3.0" name="com.tcs.boot.SpringBootDockerApplicationTests" time="5.978" tests="1" errors="0" skipped="0" failures="0">
  <properties>
[...]
</properties>
  <testcase name="contextLoads" classname="com.tcs.boot.SpringBootDockerApplicationTests" time="1.456">
    <system-out><![CDATA[10:05:12.844 [main] INFO org.springframework.test.context.support.AnnotationConfigContextLoaderUtils -- Could not detect default configuration classes for test class [com.tcs.boot.SpringBootDockerApplicationTests]: SpringBootDockerApplicationTests does not declare any static, non-private, non-final, nested classes annotated with @Configuration.
10:05:13.105 [main] INFO org.springframework.boot.test.context.SpringBootTestContextBootstrapper -- Found @SpringBootConfiguration com.tcs.boot.SpringBootDockerApplication for test class com.tcs.boot.SpringBootDockerApplicationTests
10:05:13.376 [main] INFO org.springframework.boot.devtools.restart.RestartApplicationListener -- Restart disabled due to context in which it is running

  .   ____          _            __ _ _
 /\\ / ___'_ __ _ _(_)_ __  __ _ \ \ \ \
( ( )\___ | '_ | '_| | '_ \/ _` | \ \ \ \
 \\/  ___)| |_)| | | | | || (_| |  ) ) ) )
  '  |____| .__|_| |_|_| |_\__, | / / / /
 =========|_|==============|___/=/_/_/_/
 :: Spring Boot ::                (v3.2.3)

2024-02-28T10:05:13.943Z  INFO 10268 --- [           main] c.t.b.SpringBootDockerApplicationTests   : Starting SpringBootDockerApplicationTests using Java 17.0.10 with PID 10268 (started by labuser in /home/labuser/sts-projects/spring-boot-docker)
2024-02-28T10:05:13.953Z  INFO 10268 --- [           main] c.t.b.SpringBootDockerApplicationTests   : No active profile set, falling back to 1 default profile: "default"
2024-02-28T10:05:16.898Z  INFO 10268 --- [           main] c.t.b.SpringBootDockerApplicationTests   : Started SpringBootDockerApplicationTests in 3.54 seconds (process running for 5.844)
]]></system-out>
  </testcase>
</testsuite>